C:\USERS\HEWAGE\DOCUMENTS\VISUAL STUDIO 2012\PROJECTS\PLATFORMERGAME\PLATFORMERGAME\DEBUG\GAMESTATEMACHINE.OBJ
C:\USERS\HEWAGE\DOCUMENTS\VISUAL STUDIO 2012\PROJECTS\PLATFORMERGAME\PLATFORMERGAME\DEBUG\INPUTHANDLER.OBJ
C:\USERS\HEWAGE\DOCUMENTS\VISUAL STUDIO 2012\PROJECTS\PLATFORMERGAME\PLATFORMERGAME\DEBUG\LAYER.OBJ
C:\USERS\HEWAGE\DOCUMENTS\VISUAL STUDIO 2012\PROJECTS\PLATFORMERGAME\PLATFORMERGAME\DEBUG\LEVEL.OBJ
C:\USERS\HEWAGE\DOCUMENTS\VISUAL STUDIO 2012\PROJECTS\PLATFORMERGAME\PLATFORMERGAME\DEBUG\LEVELPARSER.OBJ
C:\USERS\HEWAGE\DOCUMENTS\VISUAL STUDIO 2012\PROJECTS\PLATFORMERGAME\PLATFORMERGAME\DEBUG\MAIN.OBJ
C:\USERS\HEWAGE\DOCUMENTS\VISUAL STUDIO 2012\PROJECTS\PLATFORMERGAME\PLATFORMERGAME\DEBUG\MENUBUTTON.OBJ
C:\USERS\HEWAGE\DOCUMENTS\VISUAL STUDIO 2012\PROJECTS\PLATFORMERGAME\PLATFORMERGAME\DEBUG\MAINMENUSTATE.OBJ
C:\USERS\HEWAGE\DOCUMENTS\VISUAL STUDIO 2012\PROJECTS\PLATFORMERGAME\PLATFORMERGAME\DEBUG\OBJECTLAYER.OBJ
C:\USERS\HEWAGE\DOCUMENTS\VISUAL STUDIO 2012\PROJECTS\PLATFORMERGAME\PLATFORMERGAME\DEBUG\PAUSESTATE.OBJ
C:\USERS\HEWAGE\DOCUMENTS\VISUAL STUDIO 2012\PROJECTS\PLATFORMERGAME\PLATFORMERGAME\DEBUG\PLAYER.OBJ
C:\USERS\HEWAGE\DOCUMENTS\VISUAL STUDIO 2012\PROJECTS\PLATFORMERGAME\PLATFORMERGAME\DEBUG\PLAYSTATE.OBJ
C:\USERS\HEWAGE\DOCUMENTS\VISUAL STUDIO 2012\PROJECTS\PLATFORMERGAME\PLATFORMERGAME\DEBUG\SCROLLINGBACKGROUND.OBJ
C:\USERS\HEWAGE\DOCUMENTS\VISUAL STUDIO 2012\PROJECTS\PLATFORMERGAME\PLATFORMERGAME\DEBUG\SDLGAMEOBJECT.OBJ
C:\USERS\HEWAGE\DOCUMENTS\VISUAL STUDIO 2012\PROJECTS\PLATFORMERGAME\PLATFORMERGAME\DEBUG\PLATFORMEROBJECT.OBJ
C:\USERS\HEWAGE\DOCUMENTS\VISUAL STUDIO 2012\PROJECTS\PLATFORMERGAME\PLATFORMERGAME\DEBUG\SOUNDMANAGER.OBJ
C:\USERS\HEWAGE\DOCUMENTS\VISUAL STUDIO 2012\PROJECTS\PLATFORMERGAME\PLATFORMERGAME\DEBUG\STATEPARSER.OBJ
C:\USERS\HEWAGE\DOCUMENTS\VISUAL STUDIO 2012\PROJECTS\PLATFORMERGAME\PLATFORMERGAME\DEBUG\TEXTUREMANAGER.OBJ
C:\USERS\HEWAGE\DOCUMENTS\VISUAL STUDIO 2012\PROJECTS\PLATFORMERGAME\PLATFORMERGAME\DEBUG\TILELAYER.OBJ
C:\USERS\HEWAGE\DOCUMENTS\VISUAL STUDIO 2012\PROJECTS\PLATFORMERGAME\PLATFORMERGAME\DEBUG\VECTOR2D.OBJ
C:\USERS\HEWAGE\DOCUMENTS\VISUAL STUDIO 2012\PROJECTS\PLATFORMERGAME\PLATFORMERGAME\DEBUG\TINYXML2.OBJ
C:\USERS\HEWAGE\DOCUMENTS\VISUAL STUDIO 2012\PROJECTS\PLATFORMERGAME\PLATFORMERGAME\DEBUG\ANIMATEDGRAPHICS.OBJ
C:\USERS\HEWAGE\DOCUMENTS\VISUAL STUDIO 2012\PROJECTS\PLATFORMERGAME\PLATFORMERGAME\DEBUG\BASE64.OBJ
C:\USERS\HEWAGE\DOCUMENTS\VISUAL STUDIO 2012\PROJECTS\PLATFORMERGAME\PLATFORMERGAME\DEBUG\BULLETHANDLER.OBJ
C:\USERS\HEWAGE\DOCUMENTS\VISUAL STUDIO 2012\PROJECTS\PLATFORMERGAME\PLATFORMERGAME\DEBUG\CAMERA.OBJ
C:\USERS\HEWAGE\DOCUMENTS\VISUAL STUDIO 2012\PROJECTS\PLATFORMERGAME\PLATFORMERGAME\DEBUG\COLLISIONMANAGER.OBJ
C:\USERS\HEWAGE\DOCUMENTS\VISUAL STUDIO 2012\PROJECTS\PLATFORMERGAME\PLATFORMERGAME\DEBUG\GAME.OBJ
C:\USERS\HEWAGE\DOCUMENTS\VISUAL STUDIO 2012\PROJECTS\PLATFORMERGAME\PLATFORMERGAME\DEBUG\GAMEOBJECTFACTORY.OBJ
C:\USERS\HEWAGE\DOCUMENTS\VISUAL STUDIO 2012\PROJECTS\PLATFORMERGAME\PLATFORMERGAME\DEBUG\GAMEOVERSTATE.OBJ
C:\USERS\HEWAGE\DOCUMENTS\VISUAL STUDIO 2012\PROJECTS\PLATFORMERGAME\PLATFORMERGAME\DEBUG\GAMESTATE.OBJ
C:\USERS\HEWAGE\DOCUMENTS\VISUAL STUDIO 2012\PROJECTS\PLATFORMERGAME\PLATFORMERGAME\DEBUG\VC110.PDB
C:\USERS\HEWAGE\DOCUMENTS\VISUAL STUDIO 2012\PROJECTS\PLATFORMERGAME\DEBUG\PLATFORMERGAME.ILK
C:\USERS\HEWAGE\DOCUMENTS\VISUAL STUDIO 2012\PROJECTS\PLATFORMERGAME\DEBUG\PLATFORMERGAME.EXE
C:\USERS\HEWAGE\DOCUMENTS\VISUAL STUDIO 2012\PROJECTS\PLATFORMERGAME\DEBUG\PLATFORMERGAME.PDB
C:\Users\Hewage\Documents\Visual Studio 2012\Projects\platformergame\platformergame\Debug\AnimatedGraphics.obj
C:\Users\Hewage\Documents\Visual Studio 2012\Projects\platformergame\platformergame\Debug\base64.obj
C:\Users\Hewage\Documents\Visual Studio 2012\Projects\platformergame\platformergame\Debug\BulletHandler.obj
C:\Users\Hewage\Documents\Visual Studio 2012\Projects\platformergame\platformergame\Debug\Camera.obj
C:\Users\Hewage\Documents\Visual Studio 2012\Projects\platformergame\platformergame\Debug\CollisionManager.obj
C:\Users\Hewage\Documents\Visual Studio 2012\Projects\platformergame\platformergame\Debug\Game.obj
C:\Users\Hewage\Documents\Visual Studio 2012\Projects\platformergame\platformergame\Debug\GameObjectFactory.obj
C:\Users\Hewage\Documents\Visual Studio 2012\Projects\platformergame\platformergame\Debug\GameOverState.obj
C:\Users\Hewage\Documents\Visual Studio 2012\Projects\platformergame\platformergame\Debug\GameState.obj
C:\Users\Hewage\Documents\Visual Studio 2012\Projects\platformergame\platformergame\Debug\GameStateMachine.obj
C:\Users\Hewage\Documents\Visual Studio 2012\Projects\platformergame\platformergame\Debug\InputHandler.obj
C:\Users\Hewage\Documents\Visual Studio 2012\Projects\platformergame\platformergame\Debug\Layer.obj
C:\Users\Hewage\Documents\Visual Studio 2012\Projects\platformergame\platformergame\Debug\Level.obj
C:\Users\Hewage\Documents\Visual Studio 2012\Projects\platformergame\platformergame\Debug\LevelParser.obj
C:\Users\Hewage\Documents\Visual Studio 2012\Projects\platformergame\platformergame\Debug\main.obj
C:\Users\Hewage\Documents\Visual Studio 2012\Projects\platformergame\platformergame\Debug\MainMenuState.obj
C:\Users\Hewage\Documents\Visual Studio 2012\Projects\platformergame\platformergame\Debug\MenuButton.obj
C:\Users\Hewage\Documents\Visual Studio 2012\Projects\platformergame\platformergame\Debug\ObjectLayer.obj
C:\Users\Hewage\Documents\Visual Studio 2012\Projects\platformergame\platformergame\Debug\PauseState.obj
C:\Users\Hewage\Documents\Visual Studio 2012\Projects\platformergame\platformergame\Debug\PlatformerObject.obj
C:\Users\Hewage\Documents\Visual Studio 2012\Projects\platformergame\platformergame\Debug\Player.obj
C:\Users\Hewage\Documents\Visual Studio 2012\Projects\platformergame\platformergame\Debug\PlayState.obj
C:\Users\Hewage\Documents\Visual Studio 2012\Projects\platformergame\platformergame\Debug\ScrollingBackground.obj
C:\Users\Hewage\Documents\Visual Studio 2012\Projects\platformergame\platformergame\Debug\SDLGameObject.obj
C:\Users\Hewage\Documents\Visual Studio 2012\Projects\platformergame\platformergame\Debug\SoundManager.obj
C:\Users\Hewage\Documents\Visual Studio 2012\Projects\platformergame\platformergame\Debug\StateParser.obj
C:\Users\Hewage\Documents\Visual Studio 2012\Projects\platformergame\platformergame\Debug\TextureManager.obj
C:\Users\Hewage\Documents\Visual Studio 2012\Projects\platformergame\platformergame\Debug\TileLayer.obj
C:\Users\Hewage\Documents\Visual Studio 2012\Projects\platformergame\platformergame\Debug\tinyxml2.obj
C:\Users\Hewage\Documents\Visual Studio 2012\Projects\platformergame\platformergame\Debug\Vector2D.obj
C:\Users\Hewage\Documents\Visual Studio 2012\Projects\platformergame\platformergame\Debug\cl.command.1.tlog
C:\Users\Hewage\Documents\Visual Studio 2012\Projects\platformergame\platformergame\Debug\CL.read.1.tlog
C:\Users\Hewage\Documents\Visual Studio 2012\Projects\platformergame\platformergame\Debug\CL.write.1.tlog
C:\Users\Hewage\Documents\Visual Studio 2012\Projects\platformergame\platformergame\Debug\link-cvtres.read.1.tlog
C:\Users\Hewage\Documents\Visual Studio 2012\Projects\platformergame\platformergame\Debug\link-cvtres.write.1.tlog
C:\Users\Hewage\Documents\Visual Studio 2012\Projects\platformergame\platformergame\Debug\link-rc.read.1.tlog
C:\Users\Hewage\Documents\Visual Studio 2012\Projects\platformergame\platformergame\Debug\link-rc.write.1.tlog
C:\Users\Hewage\Documents\Visual Studio 2012\Projects\platformergame\platformergame\Debug\link.10680-cvtres.read.1.tlog
C:\Users\Hewage\Documents\Visual Studio 2012\Projects\platformergame\platformergame\Debug\link.10680-cvtres.write.1.tlog
C:\Users\Hewage\Documents\Visual Studio 2012\Projects\platformergame\platformergame\Debug\link.10680-rc.read.1.tlog
C:\Users\Hewage\Documents\Visual Studio 2012\Projects\platformergame\platformergame\Debug\link.10680-rc.write.1.tlog
C:\Users\Hewage\Documents\Visual Studio 2012\Projects\platformergame\platformergame\Debug\link.10680.read.1.tlog
C:\Users\Hewage\Documents\Visual Studio 2012\Projects\platformergame\platformergame\Debug\link.10680.write.1.tlog
C:\Users\Hewage\Documents\Visual Studio 2012\Projects\platformergame\platformergame\Debug\link.5976-cvtres.read.1.tlog
C:\Users\Hewage\Documents\Visual Studio 2012\Projects\platformergame\platformergame\Debug\link.5976-cvtres.write.1.tlog
C:\Users\Hewage\Documents\Visual Studio 2012\Projects\platformergame\platformergame\Debug\link.5976-rc.read.1.tlog
C:\Users\Hewage\Documents\Visual Studio 2012\Projects\platformergame\platformergame\Debug\link.5976-rc.write.1.tlog
C:\Users\Hewage\Documents\Visual Studio 2012\Projects\platformergame\platformergame\Debug\link.5976.read.1.tlog
C:\Users\Hewage\Documents\Visual Studio 2012\Projects\platformergame\platformergame\Debug\link.5976.write.1.tlog
C:\Users\Hewage\Documents\Visual Studio 2012\Projects\platformergame\platformergame\Debug\link.command.1.tlog
C:\Users\Hewage\Documents\Visual Studio 2012\Projects\platformergame\platformergame\Debug\link.read.1.tlog
C:\Users\Hewage\Documents\Visual Studio 2012\Projects\platformergame\platformergame\Debug\link.write.1.tlog
C:\Users\Hewage\Documents\Visual Studio 2012\Projects\platformergame\platformergame\Debug\vc110.idb
C:\Users\Hewage\Documents\Visual Studio 2012\Projects\platformergame\platformergame\Debug\vc110.pdb
C:\Users\Hewage\Documents\Visual Studio 2012\Projects\platformergame\Debug\platformergame.pdb
C:\Users\Hewage\Documents\Visual Studio 2012\Projects\platformergame\Debug\platformergame.exe
C:\Users\Hewage\Documents\Visual Studio 2012\Projects\platformergame\Debug\platformergame.ilk
