Build started 27/06/2015 9:10:27 PM.
     1>Project "C:\Users\Hewage\Documents\Visual Studio 2012\Projects\gamedemo6\gamedemo6\gamedemo6.vcxproj" on node 2 (Build target(s)).
     1>ClCompile:
         C:\Program Files (x86)\Microsoft Visual Studio 11.0\VC\bin\CL.exe /c /I"C:\Users\Hewage\Documents\My Webs\programming libraries\C++\SDL-VisualC++\SDL2-2.0.3\master\include" /Zi /nologo /W3 /WX- /O2 /Oi /Oy- /GL /D _MBCS /Gm- /EHsc /MD /GS /Gy /fp:precise /Zc:wchar_t /Zc:forScope /Fo"Release\\" /Fd"Release\vc110.pdb" /Gd /TP /analyze- /errorReport:prompt "..\..\..\tinyxml2-master\tinyxml2.cpp" AnimatedGraphics.cpp base64.cpp BulletHandler.cpp CollisionManager.cpp Game.cpp GameObjectFactory.cpp GameOverState.cpp GameState.cpp GameStateMachine.cpp InputHandler.cpp Layer.cpp Level.cpp LevelParser.cpp main.cpp MenuButton.cpp MainMenuState.cpp ObjectLayer.cpp PauseState.cpp Player.cpp PlayState.cpp ScrollingBackground.cpp SDLGameObject.cpp ShooterObject.cpp SoundManager.cpp StateParser.cpp TextureManager.cpp TileLayer.cpp Vector2D.cpp
         tinyxml2.cpp
         AnimatedGraphics.cpp
     1>c:\users\hewage\documents\visual studio 2012\projects\gamedemo6\gamedemo6\GameObject.h(4): fatal error C1083: Cannot open include file: 'SDL_image.h': No such file or directory
         base64.cpp
         BulletHandler.cpp
     1>c:\users\hewage\documents\visual studio 2012\projects\gamedemo6\gamedemo6\GameObject.h(4): fatal error C1083: Cannot open include file: 'SDL_image.h': No such file or directory
         CollisionManager.cpp
     1>c:\users\hewage\documents\visual studio 2012\projects\gamedemo6\gamedemo6\GameObject.h(4): fatal error C1083: Cannot open include file: 'SDL_image.h': No such file or directory
         Game.cpp
     1>c:\users\hewage\documents\visual studio 2012\projects\gamedemo6\gamedemo6\Game.h(3): fatal error C1083: Cannot open include file: 'SDL.h': No such file or directory
         GameObjectFactory.cpp
     1>c:\users\hewage\documents\visual studio 2012\projects\gamedemo6\gamedemo6\GameObject.h(4): fatal error C1083: Cannot open include file: 'SDL_image.h': No such file or directory
         GameOverState.cpp
     1>c:\users\hewage\documents\visual studio 2012\projects\gamedemo6\gamedemo6\GameObject.h(4): fatal error C1083: Cannot open include file: 'SDL_image.h': No such file or directory
         GameState.cpp
     1>c:\users\hewage\documents\visual studio 2012\projects\gamedemo6\gamedemo6\GameObject.h(4): fatal error C1083: Cannot open include file: 'SDL_image.h': No such file or directory
         GameStateMachine.cpp
     1>c:\users\hewage\documents\visual studio 2012\projects\gamedemo6\gamedemo6\GameObject.h(4): fatal error C1083: Cannot open include file: 'SDL_image.h': No such file or directory
         InputHandler.cpp
     1>c:\users\hewage\documents\visual studio 2012\projects\gamedemo6\gamedemo6\InputHandler.h(4): fatal error C1083: Cannot open include file: 'SDL.h': No such file or directory
         Layer.cpp
         Level.cpp
     1>c:\users\hewage\documents\visual studio 2012\projects\gamedemo6\gamedemo6\GameObject.h(4): fatal error C1083: Cannot open include file: 'SDL_image.h': No such file or directory
         LevelParser.cpp
     1>c:\users\hewage\documents\visual studio 2012\projects\gamedemo6\gamedemo6\GameObject.h(4): fatal error C1083: Cannot open include file: 'SDL_image.h': No such file or directory
         main.cpp
     1>main.cpp(1): fatal error C1083: Cannot open include file: 'SDL.h': No such file or directory
         MenuButton.cpp
     1>c:\users\hewage\documents\visual studio 2012\projects\gamedemo6\gamedemo6\GameObject.h(4): fatal error C1083: Cannot open include file: 'SDL_image.h': No such file or directory
         MainMenuState.cpp
     1>c:\users\hewage\documents\visual studio 2012\projects\gamedemo6\gamedemo6\GameObject.h(4): fatal error C1083: Cannot open include file: 'SDL_image.h': No such file or directory
         ObjectLayer.cpp
     1>c:\users\hewage\documents\visual studio 2012\projects\gamedemo6\gamedemo6\GameObject.h(4): fatal error C1083: Cannot open include file: 'SDL_image.h': No such file or directory
         PauseState.cpp
     1>c:\users\hewage\documents\visual studio 2012\projects\gamedemo6\gamedemo6\GameObject.h(4): fatal error C1083: Cannot open include file: 'SDL_image.h': No such file or directory
         Player.cpp
     1>c:\users\hewage\documents\visual studio 2012\projects\gamedemo6\gamedemo6\GameObject.h(4): fatal error C1083: Cannot open include file: 'SDL_image.h': No such file or directory
         Compiling...
         PlayState.cpp
     1>c:\users\hewage\documents\visual studio 2012\projects\gamedemo6\gamedemo6\GameObject.h(4): fatal error C1083: Cannot open include file: 'SDL_image.h': No such file or directory
         ScrollingBackground.cpp
     1>c:\users\hewage\documents\visual studio 2012\projects\gamedemo6\gamedemo6\GameObject.h(4): fatal error C1083: Cannot open include file: 'SDL_image.h': No such file or directory
         SDLGameObject.cpp
     1>c:\users\hewage\documents\visual studio 2012\projects\gamedemo6\gamedemo6\GameObject.h(4): fatal error C1083: Cannot open include file: 'SDL_image.h': No such file or directory
         ShooterObject.cpp
     1>c:\users\hewage\documents\visual studio 2012\projects\gamedemo6\gamedemo6\GameObject.h(4): fatal error C1083: Cannot open include file: 'SDL_image.h': No such file or directory
         SoundManager.cpp
     1>c:\users\hewage\documents\visual studio 2012\projects\gamedemo6\gamedemo6\SoundManager.h(6): fatal error C1083: Cannot open include file: 'SDL.h': No such file or directory
         StateParser.cpp
     1>c:\users\hewage\documents\visual studio 2012\projects\gamedemo6\gamedemo6\StateParaser.h(6): fatal error C1083: Cannot open include file: 'tinyxml2.h': No such file or directory
         TextureManager.cpp
     1>c:\users\hewage\documents\visual studio 2012\projects\gamedemo6\gamedemo6\TextureManager.h(3): fatal error C1083: Cannot open include file: 'SDL.h': No such file or directory
         TileLayer.cpp
     1>c:\users\hewage\documents\visual studio 2012\projects\gamedemo6\gamedemo6\Game.h(3): fatal error C1083: Cannot open include file: 'SDL.h': No such file or directory
         Vector2D.cpp
     1>Done Building Project "C:\Users\Hewage\Documents\Visual Studio 2012\Projects\gamedemo6\gamedemo6\gamedemo6.vcxproj" (Build target(s)) -- FAILED.

Build FAILED.

Time Elapsed 00:00:32.00
